<?xml version="1.0" encoding="UTF-8"?>
<!-- Generated by org.testng.reporters.JUnitXMLReporter -->
<testsuite ignored="0" hostname="Rayapati" failures="0" tests="3" name="Bud-e Admin Test1" time="23.434" errors="0" timestamp="2022-06-21T11:03:47 IST">
  <testcase classname="com.bude.TestCases.TC_001_Login" name="loginToBude" time="0.274"/>
  <testcase classname="com.bude.TestCases.TC_002_Logout" name="logoutFromBude" time="12.522"/>
  <testcase classname="com.bude.TestCases.TC_003_ChangePassword" name="Changepwd" time="2.445"/>
</testsuite> <!-- Bud-e Admin Test1 -->
