<?xml version="1.0" encoding="UTF-8"?>
<!-- Generated by org.testng.reporters.JUnitXMLReporter -->
<testsuite ignored="0" hostname="Rayapati" failures="0" tests="3" name="Bud-e Admin Test1" time="23.488" errors="0" timestamp="2022-06-22T11:30:16 IST">
  <testcase classname="com.bude.TestCases.TC_001_Login" name="loginToBude" time="0.374"/>
  <testcase classname="com.bude.TestCases.TC_002_Logout" name="logoutFromBude" time="12.538"/>
  <testcase classname="com.bude.TestCases.TC_003_ChangePassword" name="Changepwd" time="2.366"/>
</testsuite> <!-- Bud-e Admin Test1 -->
