<?xml version="1.0" encoding="UTF-8"?>
<testng-results ignored="0" total="0" passed="0" failed="0" skipped="0">
  <reporter-output>
  </reporter-output>
  <suite started-at="2022-06-22T15:01:43 IST" name="com.bude.testcases.BaseTest" finished-at="2022-06-22T15:01:43 IST" duration-ms="10">
    <groups>
    </groups>
    <test started-at="2022-06-22T15:01:43 IST" name="Command line test" finished-at="2022-06-22T15:01:43 IST" duration-ms="10">
    </test> <!-- Command line test -->
  </suite> <!-- com.bude.testcases.BaseTest -->
</testng-results>
