<?xml version="1.0" encoding="UTF-8"?>
<testng-results ignored="0" total="1" passed="1" failed="0" skipped="0">
  <reporter-output>
  </reporter-output>
  <suite started-at="2022-06-22T15:26:54 IST" name="Bud-e Web Testing" finished-at="2022-06-22T15:27:01 IST" duration-ms="7426">
    <groups>
    </groups>
    <test started-at="2022-06-22T15:26:54 IST" name="Bud-e Admin Test1" finished-at="2022-06-22T15:27:01 IST" duration-ms="7426">
      <class name="com.bude.testcases.TC_004_CreateCity">
        <test-method is-config="true" signature="getBrowser(org.testng.ITestContext)[pri:0, instance:com.bude.testcases.TC_004_CreateCity@5c80cf32]" started-at="2022-06-22T15:26:54 IST" name="getBrowser" finished-at="2022-06-22T15:26:56 IST" duration-ms="2586" status="PASS">
          <params>
            <param index="0">
              <value>
                <![CDATA[org.testng.TestRunner@6fc1020a]]>
              </value>
            </param>
          </params>
          <reporter-output>
          </reporter-output>
        </test-method> <!-- getBrowser -->
        <test-method signature="createCity(java.lang.String,java.lang.String,java.lang.String)[pri:0, instance:com.bude.testcases.TC_004_CreateCity@5c80cf32]" started-at="2022-06-22T15:26:56 IST" name="createCity" finished-at="2022-06-22T15:27:01 IST" duration-ms="4526" status="PASS">
          <params>
            <param index="0">
              <value>
                <![CDATA[bude]]>
              </value>
            </param>
            <param index="1">
              <value>
                <![CDATA[P@$$w0rd.1]]>
              </value>
            </param>
            <param index="2">
              <value>
                <![CDATA[chrome]]>
              </value>
            </param>
          </params>
          <reporter-output>
          </reporter-output>
        </test-method> <!-- createCity -->
        <test-method is-config="true" signature="tearDown()[pri:0, instance:com.bude.testcases.TC_004_CreateCity@5c80cf32]" started-at="2022-06-22T15:27:01 IST" name="tearDown" finished-at="2022-06-22T15:27:01 IST" duration-ms="290" status="PASS">
          <reporter-output>
          </reporter-output>
        </test-method> <!-- tearDown -->
      </class> <!-- com.bude.testcases.TC_004_CreateCity -->
    </test> <!-- Bud-e Admin Test1 -->
  </suite> <!-- Bud-e Web Testing -->
</testng-results>
